MyUnimo/build/intermediates/manifest_merge_blame_file/debug/manifest-merger-blame-debug-report.txt
1<?xml version="1.0" encoding="utf-8"?>
2<manifest xmlns:android="http://schemas.android.com/apk/res/android"
3    package="sk.unimobile.moj"
4    android:versionCode="1"
5    android:versionName="2.0" >
6
7    <uses-sdk
8        android:minSdkVersion="20"
8-->src/main/AndroidManifest.xml
9        android:targetSdkVersion="30" />
9-->src/main/AndroidManifest.xml
10
11    <uses-permission android:name="android.permission.INTERNET" /> <!-- ACCESS_NETWORK_STATE is needed to know if we are on 3G, WIFI or disconnected -->
11-->[testfairy:testfairy-android-sdk:1.11.15] AndroidManifest.xml:10:5-12:30
11-->[testfairy:testfairy-android-sdk:1.11.15] AndroidManifest.xml:11:9-51
12    <uses-permission android:name="android.permission.ACCESS_NETWORK_STATE" />
12-->[testfairy:testfairy-android-sdk:1.11.15] AndroidManifest.xml:15:5-17:30
12-->[testfairy:testfairy-android-sdk:1.11.15] AndroidManifest.xml:16:9-63
13
14    <application
14-->src/main/AndroidManifest.xml:5:5-21:19
15        android:allowBackup="true"
15-->src/main/AndroidManifest.xml:6:9-35
16        android:appComponentFactory="androidx.core.app.CoreComponentFactory"
16-->[androidx.core:core:1.3.1] AndroidManifest.xml:24:18-86
17        android:debuggable="true"
18        android:icon="@mipmap/ic_launcher"
18-->src/main/AndroidManifest.xml:7:9-43
19        android:label="@string/app_name"
19-->src/main/AndroidManifest.xml:8:9-41
20        android:roundIcon="@mipmap/ic_launcher_round"
20-->src/main/AndroidManifest.xml:9:9-54
21        android:supportsRtl="true"
21-->src/main/AndroidManifest.xml:10:9-35
22        android:testOnly="true"
23        android:theme="@style/AppTheme" >
23-->src/main/AndroidManifest.xml:11:9-40
24        <activity
24-->src/main/AndroidManifest.xml:12:9-20:20
25            android:name="sk.unimobile.moj.MainActivity"
25-->src/main/AndroidManifest.xml:13:13-41
26            android:label="@string/app_name" >
26-->src/main/AndroidManifest.xml:14:13-45
27            <intent-filter>
27-->src/main/AndroidManifest.xml:15:13-19:29
28                <action android:name="android.intent.action.MAIN" />
28-->src/main/AndroidManifest.xml:16:17-69
28-->src/main/AndroidManifest.xml:16:25-66
29
30                <category android:name="android.intent.category.LAUNCHER" />
30-->src/main/AndroidManifest.xml:18:17-77
30-->src/main/AndroidManifest.xml:18:27-74
31            </intent-filter>
32        </activity>
33        <activity
33-->[testfairy:testfairy-android-sdk:1.11.15] AndroidManifest.xml:20:9-23:63
34            android:name="com.testfairy.activities.ProvideFeedbackActivity"
34-->[testfairy:testfairy-android-sdk:1.11.15] AndroidManifest.xml:21:13-76
35            android:configChanges="orientation|screenSize"
35-->[testfairy:testfairy-android-sdk:1.11.15] AndroidManifest.xml:22:13-59
36            android:theme="@android:style/Theme.Holo.Light" />
36-->[testfairy:testfairy-android-sdk:1.11.15] AndroidManifest.xml:23:13-60
37
38        <provider
38-->[androidx.lifecycle:lifecycle-process:2.1.0] AndroidManifest.xml:23:9-27:43
39            android:name="androidx.lifecycle.ProcessLifecycleOwnerInitializer"
39-->[androidx.lifecycle:lifecycle-process:2.1.0] AndroidManifest.xml:24:13-79
40            android:authorities="sk.unimobile.moj.lifecycle-process"
40-->[androidx.lifecycle:lifecycle-process:2.1.0] AndroidManifest.xml:25:13-69
41            android:exported="false"
41-->[androidx.lifecycle:lifecycle-process:2.1.0] AndroidManifest.xml:26:13-37
42            android:multiprocess="true" />
42-->[androidx.lifecycle:lifecycle-process:2.1.0] AndroidManifest.xml:27:13-40
43    </application>
44
45</manifest>